<?xml version="1.0" encoding="UTF-8"?>
<!-- Generated by org.testng.reporters.JUnitReportReporter -->
<testsuite skipped="0" hostname="DESKTOP-ME2HPKL" name="InvestorTest.Home" tests="1" failures="0" timestamp="2021-01-20T20:47:54 IST" time="41.187" errors="0">
  <testcase name="v1" time="41.187" classname="InvestorTest.Home"/>
  <system-out/>
</testsuite> <!-- InvestorTest.Home -->
